Synthetic data
[0.49417498 0.50245042 0.4947905  0.49939429 0.49753646 0.50383802
 0.49513888 0.49616608 0.49850857 0.49627702 0.50071267 0.50430646
 0.50953197 0.49546199 0.49514947 0.49358555 0.50415379 0.49928336
 0.49724325 0.49493816 0.49483076 0.49593824 0.50257533 0.49812567
 0.50542469 0.50591296 0.49720691 0.50442792 0.49690207 0.50641689
 0.50210094 0.50428103 0.49719787 0.50528177 0.50837001 0.49165125
 0.4951905  0.50050695 0.49257886 0.49343493 0.49656833 0.50514222
 0.4959098  0.49296287 0.50789854 0.50985239 0.50416545 0.49330906
 0.49919143 0.50320739 0.49578598 0.49327691 0.49379625 0.50038886
 0.50425186 0.49382979 0.50335141 0.50602166 0.50749545 0.50297669
 0.5041337  0.49546689 0.5062555  0.49542185 0.49523586 0.49779577
 0.50589533 0.49464095 0.49399397 0.50365948 0.49323926 0.49572184
 0.49746536 0.49459702 0.4960358  0.50668175 0.49473666 0.49244804
 0.50466791 0.49903518 0.50572253 0.50563133 0.50363844 0.50511634
 0.49477068 0.50565035 0.50305229 0.50463981 0.49620879 0.50251344
 0.49573705 0.49260584 0.50577017 0.49658129 0.50659307 0.49689238
 0.50344392 0.49416228 0.50152447 0.50200764 0.4929316  0.49909918
 0.50388655 0.49388306 0.49903461 0.49633097 0.50349254 0.5038194
 0.50291898 0.49538759 0.50522551 0.5076292  0.50304345 0.49406911
 0.49985918 0.49444701 0.5027771  0.50493861 0.50530602 0.50639918
 0.49176275 0.50199328 0.50582012 0.50173026 0.50237823 0.49601694
 0.49545255 0.50634961 0.5053334  0.49481096 0.49467103 0.49542612
 0.50282333 0.497937   0.49666285 0.50499904 0.49452491 0.49689616
 0.49326756 0.49476047 0.50167795 0.50366216 0.50525472 0.50307677
 0.4983718  0.50463642 0.49872586 0.49573334 0.4953443  0.49782079
 0.49511155 0.49447153 0.50532485 0.4962127  0.50481148 0.49489798
 0.49421126 0.49625941 0.49692256 0.49533321 0.49288721 0.49552637
 0.49703879 0.50375733 0.49926311 0.49639268 0.49672012 0.50182076
 0.50337653 0.49560047 0.49686475 0.49469895 0.50237497 0.50674235
 0.50556964 0.50437449 0.49694781 0.5021935  0.50739049 0.50633165
 0.50630937 0.50409835 0.49631069 0.50516958 0.49700332 0.50477751
 0.50704725 0.4985384  0.49687766 0.50377478 0.50341646 0.505142
 0.49472969 0.50271442 0.49502508 0.49377577 0.49258471 0.50319988
 0.50551204 0.49513648 0.49430891 0.50816885 0.49425366 0.4940165
 0.50881117 0.49733983 0.49427712 0.50397399 0.49604981 0.50237578
 0.50124509 0.50517047 0.50643105 0.50456286 0.50203686 0.4944288
 0.50737275 0.49344438 0.49559182 0.49705541 0.50595058 0.501477
 0.49800336 0.49537812 0.50229029 0.4938267  0.50554798 0.50601213
 0.50215754 0.50018481 0.49627803 0.50167305 0.49738496 0.50777532
 0.49375426 0.49501192 0.49737591 0.50488108 0.50221499 0.50585286
 0.50460297 0.4967229  0.50142856 0.50439214 0.49961746 0.50372217
 0.4979114  0.50367953 0.50544192 0.49598993 0.49549823 0.5026105
 0.5049549  0.49494615 0.50595938 0.50017204 0.49397853 0.49601683
 0.50401932 0.50856214 0.50312813 0.50515641 0.49460479 0.49510057
 0.49446043 0.49452087 0.5034862  0.49912447 0.49325921 0.4962461
 0.49523569 0.4942633  0.50217625 0.50566489 0.49452257 0.49652015
 0.49523137 0.50376388 0.49718179 0.49507461 0.50224346 0.49602637
 0.49828157 0.50259172 0.50216043 0.50111642 0.4944984  0.50205644
 0.49578457 0.49490771 0.50452709 0.49553243 0.49472677 0.49457103
 0.49509399 0.49614535 0.49784619 0.50456461 0.50286994 0.50356935
 0.5057791  0.49529242 0.49601795 0.50503172 0.49726669 0.50624388
 0.49774056 0.50473899 0.49627393 0.50589239 0.4948272  0.50286043
 0.49483319 0.50275168 0.50283969 0.49918434 0.49621679 0.495447
 0.50349222 0.50244438 0.50340023 0.50285358 0.49494435 0.49387507
 0.50768064 0.50013762 0.50327586 0.50654362 0.49635856 0.50623143
 0.49618733 0.49542468 0.49158451 0.50759344 0.50502281 0.4939168
 0.50683541 0.49370638 0.49644609 0.49421983 0.49349834 0.50150774
 0.50161888 0.49646237 0.49534519 0.49755382 0.50575047 0.4939216
 0.50474648 0.5044486 ]
[0.50577433 0.50521801 0.50505665 0.50494656 0.50360462 0.50059872
 0.50363959 0.50369482 0.49686065 0.50678854 0.50542108 0.49329838
 0.49850559 0.49461024 0.5026227  0.50572866 0.50469328 0.49509165
 0.50205613 0.50610472 0.49776372 0.50289315 0.49616302 0.50213943
 0.50380258 0.49646989 0.49624242 0.49764996 0.50263225 0.50648672
 0.49758529 0.50417654 0.4940611  0.49975964 0.50598819 0.50724926
 0.49929734 0.49650369 0.50520543 0.49647259 0.49517472 0.50645093
 0.49554198 0.4945011  0.49654777 0.49534901 0.50471092 0.49738567
 0.49359382 0.50599807 0.49558306 0.49662417 0.50560108 0.50760613
 0.50647365 0.49536645 0.49667465 0.50724174 0.50655527 0.49649997
 0.50290795 0.49454017 0.49762653 0.49644141 0.50543272 0.49605655
 0.49911405 0.50518476 0.50407058 0.50592915 0.50857867 0.50613321
 0.49359164 0.50655291 0.49412903 0.49930843 0.49660553 0.49585096
 0.50174608 0.49351943 0.50533085 0.50659881 0.49869113 0.49550383
 0.49860462 0.50638045 0.50152505 0.50786966 0.49518198 0.49571874
 0.49536368 0.49608758 0.5070154  0.50374435 0.49242344 0.50613409
 0.502631   0.49270818 0.49691386 0.50375005 0.49795681 0.49557245
 0.50424093 0.49865339 0.50834849 0.49701587 0.50375778 0.50387859
 0.50468052 0.49517768 0.49437707 0.49685924 0.5082489  0.49659439
 0.50420343 0.50236703 0.49558763 0.50710372 0.49659419 0.50162478
 0.49495213 0.49636968 0.50350792 0.5048487  0.49891625 0.49361023
 0.50835208 0.49793166 0.50770329 0.50805094 0.50259781 0.50454488
 0.49491265 0.49598102 0.5007148  0.49394664 0.49667961 0.49877376
 0.50429877 0.50571912 0.49646383 0.50559839 0.50617828 0.50716175
 0.50428515 0.50134619 0.49837531 0.50184952 0.49521052 0.49628998]
perceptron train acc: 0.000000, test acc: 0.000000
logistic train acc: 0.485714, test acc: 0.526667

Two Moon data
[0.5023252  0.49880718 0.49894345 0.50118412 0.49938273 0.50302018
 0.49772513 0.50164088 0.5011961  0.50123411 0.49755078 0.50212506
 0.49907264 0.50110415 0.49852142 0.50167487 0.5009924  0.49759266
 0.49951076 0.50118439 0.49911618 0.49724796 0.50147097 0.4982884
 0.50191945 0.49781839 0.49904477 0.49803305 0.49975384 0.50209833
 0.5020013  0.49915384 0.50215728 0.50263274 0.50241051 0.49888167
 0.50057251 0.49935356 0.49842354 0.50168056 0.49828407 0.4982105
 0.49800009 0.49937022 0.49830729 0.50087831 0.49929227 0.50119519
 0.50035802 0.5012859  0.49994744 0.49817775 0.49888331 0.50143385
 0.49971838 0.50216303 0.49970446 0.5008191  0.5000303  0.49830096
 0.50145112 0.50036813 0.50176754 0.50129331 0.50237173 0.50141324
 0.49745669 0.50182889 0.49964839 0.50240361 0.50070298 0.50003654
 0.50187289 0.49783195 0.49951395 0.49939442 0.50274793 0.50131079
 0.499513   0.49791739 0.50219377 0.49853777 0.49940399 0.50164199
 0.49750899 0.5004995  0.49878892 0.50143615 0.50071215 0.4978629
 0.4981722  0.50251743 0.5019518  0.50092052 0.4985202  0.50043811
 0.49824203 0.49790577 0.49748159 0.50000328 0.4976168  0.50052579
 0.49928751 0.4972789  0.50247054 0.50014063 0.50014957 0.50116655
 0.49859288 0.50135817 0.50191863 0.49847678 0.49796395 0.49956548
 0.4989818  0.4976308  0.4999808  0.49978963 0.50211189 0.5017162
 0.49987215 0.4997282  0.49819973 0.49756627 0.50151755 0.50212738
 0.50065196 0.50216849 0.49807257 0.49796951 0.49978197 0.49769539
 0.49920533 0.49871275 0.501319   0.50028486 0.49988053 0.50073667
 0.50209274 0.49963068 0.49790302 0.49813799 0.50252362 0.49906157
 0.50141095 0.50167249 0.4981275  0.50203623 0.50129883 0.49769028
 0.50153393 0.49997862 0.49786503 0.50150534 0.49837282 0.49959728
 0.4982789  0.50236949 0.50022861 0.49797496 0.49955769 0.49819239
 0.50172684 0.50214836 0.49775578 0.50241313 0.49965804 0.49881841
 0.49989087 0.50004376 0.49930494 0.5014786  0.5005498  0.4976025
 0.49957726 0.4983984  0.49824057 0.50211089 0.50224711 0.50099459
 0.50037831 0.50291384 0.50170358 0.49742372 0.50074813 0.50093782
 0.49836076 0.50111101 0.49956512 0.50218713 0.49719941 0.50321816
 0.50221204 0.49973778 0.49831219 0.49815849 0.50231757 0.50215093
 0.49818936 0.50174075 0.50105551 0.49892155 0.49763923 0.49825369
 0.50073825 0.49932728 0.49839722 0.50211347 0.50045305 0.49825276
 0.50270528 0.50249801 0.50261763 0.4993523  0.50035861 0.5022186
 0.49856612 0.49905768 0.50212486 0.49857041 0.49831827 0.50220213
 0.49798035 0.49987755 0.50293396 0.50176248 0.49968361 0.50040081
 0.50091866 0.49907201 0.49858767 0.50106202 0.49929348 0.49874524
 0.50201963 0.49821079 0.50178374 0.50234491 0.50059744 0.502748
 0.49770845 0.50154015 0.49887665 0.5018143  0.49738199 0.49946545
 0.50198356 0.50054142 0.5011534  0.50027717 0.50178507 0.49745176
 0.49805656 0.50030666 0.49767837 0.50206988 0.49844991 0.49953124
 0.49770077 0.49908394 0.50146252 0.49847623 0.49837194 0.5012362
 0.50122023 0.49788373 0.50143676 0.4987249  0.50202899 0.50017232
 0.49913392 0.5022826  0.50148274 0.50021358 0.50241523 0.49716314
 0.49861628 0.50036963 0.4982146  0.49948405 0.49958636 0.5017977
 0.49890649 0.503141   0.49770704 0.50042088 0.49772475 0.49759152
 0.49876755 0.49961371 0.50094012 0.50108862 0.50189583 0.50035197
 0.49759358 0.50087269 0.49636225 0.49916029 0.49781139 0.50111762
 0.50124875 0.49806351 0.49916804 0.49799222 0.50173392 0.49756351
 0.50061345 0.49738458 0.50021038 0.49881101 0.49746107 0.49808887
 0.50268753 0.49766159 0.50141756 0.50163264 0.50119845 0.50227386
 0.49728342 0.49710524 0.50233149 0.49795668 0.50188384 0.49779333
 0.50094177 0.50264119 0.50209149 0.50189532 0.49806833 0.50206295
 0.50100368 0.4977691  0.49820791 0.50104084 0.49871661 0.50151376
 0.50024685 0.4980429  0.49953015 0.50015903 0.49857606 0.49722355
 0.50127322 0.49847864 0.50179778 0.50066953 0.49813287 0.49682137
 0.50131283 0.49997134]
[0.50006971 0.49936007 0.49958628 0.5022424  0.50120167 0.50071025
 0.49715622 0.49799165 0.49921535 0.49815856 0.50233079 0.49764236
 0.50080273 0.5009458  0.50182196 0.49798504 0.49813634 0.50183454
 0.50147872 0.49917734 0.49817626 0.50082825 0.50031797 0.49898347
 0.49877006 0.49929754 0.50059838 0.4976192  0.50218957 0.49747893
 0.5022872  0.50288322 0.49889192 0.49744309 0.50203913 0.50054473
 0.49798859 0.50218979 0.50173634 0.50182306 0.50095108 0.5008647
 0.49985365 0.49832994 0.49773549 0.49916306 0.50149163 0.49870756
 0.5010196  0.49935241 0.49953271 0.50244724 0.49818347 0.49792488
 0.49922431 0.49861068 0.49946727 0.50191037 0.49729494 0.50206009
 0.4982342  0.50162097 0.50151456 0.49822368 0.50183373 0.49888947
 0.49939918 0.50086464 0.49793798 0.50095653 0.50034315 0.4983419
 0.50115027 0.50148004 0.49800484 0.49784587 0.50245045 0.50222273
 0.49737313 0.49870958 0.50170495 0.50025932 0.49939846 0.50080625
 0.50220351 0.50179708 0.50148974 0.49795489 0.50211351 0.5009797
 0.50221229 0.49754324 0.49809433 0.49877329 0.49816707 0.50197549
 0.49770751 0.50054176 0.49986415 0.50230849 0.49718507 0.50141322
 0.50230104 0.49982938 0.49985274 0.49772243 0.49928204 0.49974084
 0.50057583 0.50194213 0.50054601 0.49968606 0.49765232 0.5003251
 0.49896818 0.49761066 0.49921529 0.49767629 0.49919869 0.50069693
 0.50241994 0.50190623 0.49814243 0.50022275 0.49909389 0.50140897
 0.49921491 0.49684065 0.50237558 0.50196731 0.50091998 0.50074328
 0.49994213 0.49807173 0.49998297 0.5003999  0.50202897 0.49929283
 0.49993368 0.4983797  0.50198394 0.5012301  0.49800814 0.50132984
 0.4984419  0.50184922 0.50158361 0.49982222 0.49816155 0.49758542]
perceptron train acc: 0.000000, test acc: 0.000000
logistic train acc: 0.500000, test acc: 0.500000

Binarized MNIST data
[0.5110619  0.50708525 0.48929471 ... 0.45569867 0.49586833 0.49696339]
[0.490477   0.47651055 0.49086648 0.48636522 0.48974592 0.46199578
 0.48755521 0.4894117  0.49471801 0.49079635 0.45861452 0.46239321
 0.48089532 0.50308553 0.49691256 0.51098437 0.48147279 0.50496803
 0.49570598 0.484887   0.51529533 0.50084847 0.5067411  0.50241892
 0.44622442 0.51850078 0.49337138 0.46744111 0.48503501 0.47171204
 0.51710383 0.52452215 0.50736602 0.44857327 0.49721821 0.50852041
 0.49364728 0.49530612 0.49366258 0.46730824 0.49515596 0.50113247
 0.46721534 0.50166941 0.46440804 0.51136558 0.49657538 0.50654147
 0.47262743 0.49608156 0.46230245 0.5130545  0.49823645 0.47652038
 0.47364658 0.48374658 0.4754012  0.47061121 0.45616989 0.50988799
 0.47969796 0.48351914 0.47249937 0.4690188  0.51498732 0.5089873
 0.50656859 0.52839103 0.49217945 0.49824864 0.49677942 0.4875571
 0.48829982 0.50774638 0.49717067 0.48867182 0.49622018 0.48406939
 0.50218477 0.50939048 0.49855644 0.49840076 0.50144927 0.49120328
 0.49887927 0.51378564 0.51307187 0.47736505 0.46943217 0.50851979
 0.51166321 0.48524754 0.52900482 0.50253242 0.48028744 0.50019965
 0.48708715 0.52328775 0.48951728 0.52687239 0.49567754 0.51000856
 0.49731969 0.47314104 0.52026854 0.49879797 0.46621029 0.49747773
 0.48439863 0.50352158 0.50255144 0.47810919 0.5029278  0.45665089
 0.4906422  0.49221289 0.49854711 0.46928915 0.49117876 0.50664084
 0.45896498 0.49285442 0.50217417 0.49768084 0.52277591 0.4966878
 0.47974751 0.50044457 0.49813482 0.49600813 0.48467145 0.49565928
 0.49783911 0.49884846 0.49934856 0.48763778 0.50357795 0.46911549
 0.48724827 0.45602135 0.48160663 0.51304486 0.49048999 0.47400482
 0.49865457 0.50896773 0.53099056 0.48629216 0.47471652 0.47071633
 0.50089716 0.47342928 0.53078506 0.49858484 0.48381184 0.49464391
 0.49174923 0.5170989  0.4373984  0.49732117 0.51230083 0.50594093
 0.45984097 0.51021675 0.46443726 0.47078682 0.48406535 0.49056335
 0.4960965  0.46300226 0.51385898 0.50479974 0.49722778 0.50009681
 0.48856373 0.52391826 0.49560886 0.49894514 0.49837747 0.47087048
 0.46689935 0.48003678 0.49438311 0.48518614 0.50488511 0.49613779
 0.4886146  0.48612754 0.48122167 0.49222939 0.48988964 0.45447021
 0.50778752 0.48777268 0.50031686 0.499149   0.49931295 0.52346778
 0.50792006 0.51856914 0.49609246 0.50281469 0.47977644 0.46331078
 0.50217051 0.49402132 0.48909605 0.51503895 0.52162545 0.48472007
 0.48864615 0.49525476 0.48797661 0.49947454 0.51433316 0.49769327
 0.47687627 0.49451912 0.49101562 0.51086374 0.48270547 0.49294492
 0.48028871 0.48797681 0.51950112 0.45045595 0.49084307 0.48600567
 0.44523048 0.45958865 0.4918892  0.47998497 0.48512539 0.4891209
 0.49462105 0.50113639 0.52903365 0.49189795 0.4439074  0.5329093
 0.49761859 0.49405113 0.51053545 0.50675525 0.49698904 0.48688716
 0.49022848 0.46237679 0.48769747 0.47995719 0.45820342 0.47530814
 0.49018496 0.48518012 0.50045341 0.5215598  0.4989373  0.48179978
 0.48287026 0.50899645 0.47990317 0.45539747 0.47076896 0.48085058
 0.49902301 0.50159205 0.48103555 0.50194176 0.48418565 0.44898554
 0.48961825 0.49388638 0.50067602 0.49397717 0.50689224 0.49409246
 0.50845219 0.49012097 0.51481035 0.48899925 0.51219794 0.4929953
 0.4934507  0.4599759  0.51048818 0.51273985 0.48840962 0.49665779
 0.4662014  0.50363658 0.49592017 0.49475843 0.50281575 0.48605494
 0.49289623 0.5014052  0.49427473 0.49476488 0.47751204 0.48672997
 0.50240221 0.47503444 0.44941964 0.49153384 0.49089957 0.45973298
 0.49937633 0.50604445 0.49544961 0.48156635 0.50088506 0.47446747
 0.5044298  0.50030042 0.50306285 0.52209674 0.49439873 0.49609116
 0.50394048 0.45191058 0.50692508 0.48328516 0.4905788  0.48483357
 0.47917577 0.49072582 0.52056762 0.53006693 0.4870989  0.48590692
 0.50092823 0.49667497 0.47527753 0.49848911 0.50314142 0.4951589
 0.479731   0.50849449 0.53281572 0.49000732 0.45955073 0.51676246
 0.45652312 0.47478849 0.46631252 0.49913201 0.49919057 0.4940426
 0.50912172 0.4946759  0.47704176 0.50202698 0.49399049 0.48623254
 0.50776296 0.495108   0.47477988 0.46664775 0.49695938 0.4911718
 0.47621985 0.50929282 0.50750284 0.50604222 0.50836104 0.50007208
 0.50351647 0.48821919 0.48788486 0.48102532 0.50561724 0.52321749
 0.45346118 0.46305034 0.48466486 0.49535082 0.46554925 0.47169219
 0.50831025 0.48619884 0.48667944 0.50353486 0.51864504 0.5071922
 0.53214906 0.52336733 0.51041323 0.46780042 0.49942278 0.49845103
 0.4844205  0.50220442 0.52733469 0.51699581 0.53579041 0.49208463
 0.4941963  0.50230083 0.50075812 0.49325969 0.49793723 0.48491475
 0.44758513 0.49703122 0.47312551 0.51271524 0.49484727 0.47188497
 0.49167493 0.52812381 0.53966328 0.46166619 0.47535916 0.50348671
 0.49199958 0.45435317 0.48202034 0.47543765 0.53881463 0.51050966
 0.53811832 0.51294535 0.4839932  0.48266595 0.47085583 0.47936007
 0.47593536 0.48305426 0.49932689 0.49671316 0.47987306 0.48852218
 0.46527649 0.45490828 0.47483227 0.47147838 0.50009036 0.50040244
 0.51618809 0.48002073 0.50714041 0.4844424  0.48673941 0.48679687
 0.51561187 0.50522371 0.46855076 0.45293689 0.47098635 0.51649976
 0.50122982 0.49114894 0.46708892 0.4802521  0.48453928 0.48219904
 0.51833161 0.50353869 0.46764023 0.49888006 0.51187125 0.51544201
 0.47982607 0.48790197 0.48606285 0.51022342 0.49353068 0.48169991
 0.44464707 0.47414703 0.49818149 0.50787171 0.48523768 0.48708765
 0.48676903 0.52299745 0.50112176 0.51402763 0.52735049 0.48887899
 0.50578522 0.52091169 0.49509885 0.48863914 0.48775616 0.49122428
 0.51773701 0.50475647 0.46367962 0.4567771  0.47561377 0.47564867
 0.46297399 0.49687206 0.5059136  0.50829179 0.52095068 0.5057605
 0.4970982  0.48824038 0.49939014 0.53196717 0.49305883 0.46110894
 0.45311965 0.48379054 0.47318976 0.52411953 0.49633967 0.4752676
 0.46454712 0.47138574 0.52554472 0.49587777 0.47795233 0.49569434
 0.51228058 0.52151129 0.51910744 0.48794648 0.46472459 0.50125963
 0.45674414 0.4817935  0.50876552 0.48286034 0.46194787 0.5115748
 0.51410784 0.53062306 0.46123688 0.48309579 0.50030649 0.50224096
 0.47786252 0.51023372 0.46486505 0.46742985 0.50875266 0.50498468
 0.50291334 0.51187365 0.47881354 0.49308102 0.50108857 0.47358066
 0.42777455 0.49198802 0.51968774 0.49527651 0.47303921 0.4713846
 0.47997819 0.51498106 0.50644248 0.48602284 0.53768415 0.48405831
 0.49748656 0.49556468 0.50027626 0.51034572 0.51142331 0.48422322
 0.4698816  0.4997546  0.51459962 0.51399334 0.49653303 0.53190959
 0.48349979 0.51915518 0.45711955 0.51751483 0.49921823 0.49501308
 0.51899151 0.46579153 0.4957846  0.47850116 0.52666228 0.44962547
 0.51603026 0.49895054 0.49987746 0.49790558 0.47723287 0.47442351
 0.49522368 0.50642245 0.49518496 0.50301681 0.45955798 0.49380634
 0.4823236  0.504982   0.47833368 0.50348125 0.50359844 0.50464869
 0.50508444 0.49132264 0.46476598 0.50072836 0.44799638 0.51856155
 0.46639323 0.50479563 0.45503262 0.51487765 0.51070551 0.50869979
 0.50208513 0.47017988 0.51165234 0.47596126 0.5026646  0.5138376
 0.51020433 0.46943979 0.50851094 0.49943831 0.50996981 0.50235435
 0.48963306 0.49554436 0.5102569  0.47258557 0.47645818 0.46736521
 0.4708256  0.50821422 0.49662036 0.47713413 0.474205   0.48256027
 0.49259942 0.49304487 0.46909084 0.49794759 0.45591111 0.47049245
 0.50150816 0.4653077  0.43466559 0.48733117 0.50804872 0.47916806
 0.50064209 0.48483396 0.52485004 0.49388417 0.48367123 0.49244605
 0.49979327 0.46784517 0.49376282 0.48706611 0.50409859 0.4819613
 0.48818582 0.45570124 0.52689422 0.4982332  0.512305   0.47170599
 0.49845702 0.49039623 0.49615335 0.49091396 0.46429372 0.49979839
 0.49833628 0.50149585 0.48999556 0.50389111 0.51132623 0.47063261
 0.49297836 0.45276347 0.50522621 0.48801248 0.50246913 0.50845651
 0.50130288 0.48294001 0.50046261 0.50434309 0.50748634 0.49785028
 0.48546858 0.49030476 0.49503143 0.51833427 0.49983557 0.49452785
 0.50155851 0.52409892 0.4997725  0.4758292  0.49862129 0.50309561
 0.50692594 0.49208877 0.51771589 0.4765112  0.45289516 0.47725036
 0.49176758 0.47503666 0.47051648 0.45990194 0.4634243  0.45976256
 0.47182684 0.48461365 0.53538824 0.46993247 0.49852404 0.48498071
 0.49142698 0.49039348 0.50865031 0.46152809 0.49063375 0.48730648
 0.53326667 0.49453747 0.49973008 0.52065777 0.4779085  0.45422982
 0.47882777 0.5005541  0.50511635 0.45545208 0.48689925 0.47382021
 0.50154704 0.49795211 0.50890366 0.47421281 0.48241693 0.50155761
 0.50116349 0.51450631 0.45632684 0.48402907 0.45628802 0.4933361
 0.45534892 0.50561728 0.49735379 0.46525177 0.45251583 0.51816849
 0.50007591 0.51504764 0.49042092 0.45351124 0.46275083 0.4872492
 0.52070871 0.52435829 0.48266974 0.48578474 0.5064492  0.48453382
 0.51034586 0.49893031 0.50206227 0.48646557 0.50765955 0.46459685
 0.49414644 0.49763094 0.48352305 0.48996866 0.47263054 0.51199265
 0.48411346 0.4790054  0.51746509 0.46904901 0.48850345 0.4586607
 0.46626776 0.4998345  0.49631699 0.48778467 0.49533751 0.47616319
 0.50358222 0.50093213 0.50768899 0.50457502 0.461403   0.48899601
 0.46300935 0.50283298 0.49745366 0.47344579 0.45112917 0.48957041
 0.51751141 0.48484192 0.49992992 0.48938202 0.49815083 0.48365877
 0.5130941  0.51696889 0.46144588 0.4788368  0.47086775 0.48775312
 0.5203929  0.50890195 0.46313478 0.49138739 0.52650451 0.4666016
 0.47767748 0.51819993 0.48782032 0.49088661 0.45995382 0.48209354
 0.48544267 0.50757716 0.50809096 0.46683452 0.50547332 0.51525784
 0.49356267 0.47502846 0.49372756 0.50186667 0.45816672 0.48895708
 0.48858066 0.4926114  0.50582573 0.48213161 0.50271393 0.50757211
 0.48754761 0.48496761 0.51708946 0.47055899 0.51333143 0.50655375
 0.49118729 0.50556635 0.50771139 0.49844866 0.49642573 0.4536014
 0.49905111 0.48137514 0.49681347 0.48606026 0.4692735  0.50959423
 0.50296066 0.46254563 0.49539209 0.4843099  0.50054136 0.4874445
 0.48784677 0.487156   0.45871997 0.49488571 0.48683323 0.49937886
 0.47415953 0.51125693 0.49248503 0.50291955 0.51965659 0.46224999
 0.48895167 0.5140076  0.50493833 0.46692359 0.51566845 0.52598148
 0.50173818 0.52931032 0.48487586 0.50379359 0.514621   0.44975246
 0.49184905 0.50231135 0.51093642 0.50945733 0.53189512 0.49083731
 0.46717143 0.47843302 0.50312281 0.51403016 0.46850882 0.48486961
 0.48793215 0.49477092 0.50787474 0.49229729 0.46825236 0.47573805
 0.46599242 0.5065543  0.48800706 0.50184769 0.46650123 0.47502672
 0.49375426 0.50001308 0.4699095  0.48536134 0.5136744  0.46964198
 0.49901153 0.44301025 0.49369965 0.46309066 0.50362928 0.47181826
 0.51590525 0.49452971 0.48928919 0.47580548 0.44345643 0.48061259
 0.51317368 0.47025053 0.49145877 0.48011939 0.49276806 0.50152197
 0.50783474 0.51475178 0.48761154 0.47987767 0.45002668 0.49392185
 0.51936892 0.50202    0.50703667 0.50400076 0.46990135 0.51417183
 0.48141821 0.48486047 0.45260782 0.50672698 0.50348904 0.50063657
 0.49744071 0.45542763 0.49867966 0.45069728 0.47031996 0.46266977
 0.47078958 0.46787691 0.47303048 0.49187618 0.46959243 0.4441515
 0.490938   0.50007173 0.47814008 0.50251966 0.48163699 0.49884331
 0.48087139 0.51679023 0.49725163 0.51084056 0.49981182 0.4859087
 0.4655497  0.49348088 0.50131527 0.48888242 0.48540325 0.52104717
 0.50615447 0.49780048 0.50068131 0.50627655 0.51765269 0.50080402
 0.52206974 0.50141572 0.50274364 0.50739328]
perceptron train acc: 0.000000, test acc: 0.000000
logistic train acc: 0.500000, test acc: 0.500000

